<?xml version="1.0" encoding="UTF-8"?>
<!-- Generated by org.testng.reporters.JUnitReportReporter -->
<testsuite skipped="0" hostname="SYNLPT7L616H2" name="com.api.qa.TC_Validate_Rule_ID" tests="1" failures="0" timestamp="18 Aug 2017 16:14:17 GMT" time="2.763" errors="0">
  <testcase name="validate_json_RULE_Id" time="2.763" classname="com.api.qa.TC_Validate_Rule_ID"/>
</testsuite> <!-- com.api.qa.TC_Validate_Rule_ID -->
