<?xml version="1.0" encoding="UTF-8"?>
<!-- Generated by org.testng.reporters.JUnitReportReporter -->
<testsuite skipped="0" hostname="SYNLPT7L616H2" name="com.api.qa.TC_Validate_Type" tests="1" failures="0" timestamp="17 Aug 2017 19:35:01 GMT" time="2.315" errors="0">
  <testcase name="validate_json_Service_Request_Id_2" time="2.315" classname="com.api.qa.TC_Validate_Type"/>
</testsuite> <!-- com.api.qa.TC_Validate_Type -->
