<?xml version="1.0" encoding="UTF-8"?>
<!-- Generated by org.testng.reporters.JUnitReportReporter -->
<testsuite skipped="0" hostname="SYNLPT7L616H2" name="com.api.qa.TC_Rule_ID" tests="1" failures="0" timestamp="17 Aug 2017 20:13:27 GMT" time="2.333" errors="0">
  <testcase name="validate_json_RULE_Id1" time="2.333" classname="com.api.qa.TC_Rule_ID"/>
</testsuite> <!-- com.api.qa.TC_Rule_ID -->
