<?xml version="1.0" encoding="UTF-8"?>
<!-- Generated by org.testng.reporters.JUnitReportReporter -->
<testsuite skipped="0" hostname="SYNLPT7L616H2" name="com.count.AddressToConsumerComparision.AddressToConsumerComparision_Rule_18" tests="1" failures="0" timestamp="01 Nov 2017 21:56:21 GMT" time="22.143" errors="0">
  <testcase name="AddressToConsumerComparision_Rule_18" time="22.143" classname="com.count.AddressToConsumerComparision.AddressToConsumerComparision_Rule_18"/>
</testsuite> <!-- com.count.AddressToConsumerComparision.AddressToConsumerComparision_Rule_18 -->
