<?xml version="1.0" encoding="UTF-8"?>
<!-- Generated by org.testng.reporters.JUnitReportReporter -->
<testsuite skipped="0" hostname="SYNLPT7L616H2" name="com.count.CourtesyRegistrationEmailCheckByClient.CourtesyRegistrationEmailCheckByClient_Rule_08" tests="1" failures="0" timestamp="15 Nov 2017 16:38:12 GMT" time="13.788" errors="0">
  <testcase name="CourtesyRegistrationEmailCheckByClient_Rule_01" time="13.788" classname="com.count.CourtesyRegistrationEmailCheckByClient.CourtesyRegistrationEmailCheckByClient_Rule_08"/>
</testsuite> <!-- com.count.CourtesyRegistrationEmailCheckByClient.CourtesyRegistrationEmailCheckByClient_Rule_08 -->
