<?xml version="1.0" encoding="UTF-8"?>
<!-- Generated by org.testng.reporters.JUnitReportReporter -->
<testsuite skipped="0" hostname="SYNLPT7L616H2" name="com.asurion.script.FraudCheckAPI_Script_Rule1" tests="1" failures="0" timestamp="02 Oct 2017 13:27:58 GMT" time="5.950" errors="0">
  <testcase name="FRAUD_CHECK_API_TEST_RULE1" time="5.950" classname="com.asurion.script.FraudCheckAPI_Script_Rule1"/>
</testsuite> <!-- com.asurion.script.FraudCheckAPI_Script_Rule1 -->
