<?xml version="1.0" encoding="UTF-8"?>
<!-- Generated by org.testng.reporters.JUnitReportReporter -->
<testsuite skipped="0" hostname="SYNLPT7L616H2" name="com.count.PrimaryPhoneByTransactionNumber.PrimaryPhoneByTransactionNumber_Rule_06" tests="1" failures="0" timestamp="15 Nov 2017 18:32:05 GMT" time="11.280" errors="0">
  <testcase name="PrimaryPhoneByTransactionNumber_Rule_01" time="11.280" classname="com.count.PrimaryPhoneByTransactionNumber.PrimaryPhoneByTransactionNumber_Rule_06"/>
</testsuite> <!-- com.count.PrimaryPhoneByTransactionNumber.PrimaryPhoneByTransactionNumber_Rule_06 -->
