<?xml version="1.0" encoding="UTF-8"?>
<!-- Generated by org.testng.reporters.JUnitReportReporter -->
<testsuite skipped="0" hostname="SYNLPT7L616H2" name="com.asurion.CountComputationTest.CustomersByIPaddress" tests="1" failures="0" timestamp="25 Oct 2017 20:57:45 GMT" time="0.672" errors="0">
  <testcase name="CustomersByIPaddress" time="0.672" classname="com.asurion.CountComputationTest.CustomersByIPaddress"/>
</testsuite> <!-- com.asurion.CountComputationTest.CustomersByIPaddress -->
