<?xml version="1.0" encoding="UTF-8"?>
<!-- Generated by org.testng.reporters.JUnitReportReporter -->
<testsuite skipped="0" hostname="SYNLPT7L616H2" name="com.asurion.qa.Validate_Rule_ID_3" tests="1" failures="0" timestamp="23 Aug 2017 20:09:03 GMT" time="2.342" errors="0">
  <testcase name="ASURION_RuleID_1_Paramater" time="2.342" classname="com.asurion.qa.Validate_Rule_ID_3"/>
</testsuite> <!-- com.asurion.qa.Validate_Rule_ID_3 -->
