<?xml version="1.0" encoding="UTF-8"?>
<!-- Generated by org.testng.reporters.JUnitReportReporter -->
<testsuite skipped="0" hostname="SYNLPT7L616H2" name="com.asurion.script.TC1FRM_Rule_1" tests="1" failures="0" timestamp="26 Sep 2017 15:35:53 GMT" time="5.294" errors="0">
  <testcase name="ASURION_RuleID_1" time="5.294" classname="com.asurion.script.TC1FRM_Rule_1"/>
</testsuite> <!-- com.asurion.script.TC1FRM_Rule_1 -->
