<?xml version="1.0" encoding="UTF-8"?>
<!-- Generated by org.testng.reporters.JUnitReportReporter -->
<testsuite skipped="0" hostname="SYNLPT7L616H2" name="com.asurion.qa.TC_Action_Code" tests="18" failures="0" timestamp="23 Aug 2017 15:43:01 GMT" time="3.434" errors="0">
  <testcase name="Assertion_Action_Code_RULE_Id_1" time="2.203" classname="com.asurion.qa.TC_Action_Code"/>
  <testcase name="Assertion_Action_Code_RULE_Id_7" time="0.061" classname="com.asurion.qa.TC_Action_Code"/>
  <testcase name="validate_Action_Code_RULE_Id_5" time="0.060" classname="com.asurion.qa.TC_Action_Code"/>
  <testcase name="Assertion_Action_Code_RULE_Id_8" time="0.088" classname="com.asurion.qa.TC_Action_Code"/>
  <testcase name="validate_Action_Code_RULE_Id_9" time="0.061" classname="com.asurion.qa.TC_Action_Code"/>
  <testcase name="Assertion_Action_Code_RULE_Id_4" time="0.100" classname="com.asurion.qa.TC_Action_Code"/>
  <testcase name="validate_Action_Code_RULE_Id_3" time="0.058" classname="com.asurion.qa.TC_Action_Code"/>
  <testcase name="Assertion_Action_Code_RULE_Id_5" time="0.069" classname="com.asurion.qa.TC_Action_Code"/>
  <testcase name="Assertion_Action_Code_RULE_Id_6" time="0.079" classname="com.asurion.qa.TC_Action_Code"/>
  <testcase name="validate_Action_Code_RULE_Id_7" time="0.095" classname="com.asurion.qa.TC_Action_Code"/>
  <testcase name="Assertion_Action_Code_RULE_Id_9" time="0.072" classname="com.asurion.qa.TC_Action_Code"/>
  <testcase name="Assertion_Action_Code_RULE_Id_3" time="0.065" classname="com.asurion.qa.TC_Action_Code"/>
  <testcase name="Assertion_Action_Code_RULE_Id_2" time="0.096" classname="com.asurion.qa.TC_Action_Code"/>
  <testcase name="validate_Action_Code_RULE_Id_8" time="0.092" classname="com.asurion.qa.TC_Action_Code"/>
  <testcase name="validate_Action_Code_RULE_Id_1" time="0.055" classname="com.asurion.qa.TC_Action_Code"/>
  <testcase name="validate_Action_Code_RULE_Id_6" time="0.054" classname="com.asurion.qa.TC_Action_Code"/>
  <testcase name="validate_Action_Code_RULE_Id_4" time="0.055" classname="com.asurion.qa.TC_Action_Code"/>
  <testcase name="validate_Action_Code_RULE_Id_2" time="0.071" classname="com.asurion.qa.TC_Action_Code"/>
</testsuite> <!-- com.asurion.qa.TC_Action_Code -->
