<?xml version="1.0" encoding="UTF-8"?>
<!-- Generated by org.testng.reporters.JUnitReportReporter -->
<testsuite skipped="0" hostname="SYNLPT7L616H2" name="com.count.ClaimCountByPEBOOverrideFlag.ClaimCountByPEBOOverrideFlag_Rule_02" tests="1" failures="0" timestamp="16 Nov 2017 16:09:36 GMT" time="9.449" errors="0">
  <testcase name="ClaimCountByPEBOOverrideFlag_Rule_02" time="9.449" classname="com.count.ClaimCountByPEBOOverrideFlag.ClaimCountByPEBOOverrideFlag_Rule_02"/>
</testsuite> <!-- com.count.ClaimCountByPEBOOverrideFlag.ClaimCountByPEBOOverrideFlag_Rule_02 -->
