<?xml version="1.0" encoding="UTF-8"?>
<!-- Generated by org.testng.reporters.JUnitReportReporter -->
<testsuite skipped="0" hostname="SYNLPT7L616H2" name="com.count.ClaimCountByTransactionNumber.ClaimCountByTransactionNumber_Rule_01" tests="1" failures="0" timestamp="14 Nov 2017 20:04:18 GMT" time="18.718" errors="0">
  <testcase name="ClaimCountByTransactionNumber_Rule_01" time="18.718" classname="com.count.ClaimCountByTransactionNumber.ClaimCountByTransactionNumber_Rule_01"/>
</testsuite> <!-- com.count.ClaimCountByTransactionNumber.ClaimCountByTransactionNumber_Rule_01 -->
