<?xml version="1.0" encoding="UTF-8"?>
<!-- Generated by org.testng.reporters.JUnitReportReporter -->
<testsuite skipped="0" hostname="SYNLPT7L616H2" name="com.asurion.qa.Validate_Rule_ID_9" tests="1" failures="0" timestamp="24 Aug 2017 13:51:23 GMT" time="3.042" errors="0">
  <testcase name="ASURION_RuleID_9_Paramater" time="3.042" classname="com.asurion.qa.Validate_Rule_ID_9"/>
</testsuite> <!-- com.asurion.qa.Validate_Rule_ID_9 -->
