<?xml version="1.0" encoding="UTF-8"?>
<!-- Generated by org.testng.reporters.JUnitReportReporter -->
<testsuite skipped="0" hostname="SYNLPT7L616H2" name="com.count.CourtesyRegistrationAddressCheckByClient.CourtesyRegistrationAddressCheckByClient_Rule_13" tests="1" failures="0" timestamp="15 Nov 2017 16:07:37 GMT" time="10.294" errors="0">
  <testcase name="CourtesyRegistrationAddressCheckByClient_Rule_13" time="10.294" classname="com.count.CourtesyRegistrationAddressCheckByClient.CourtesyRegistrationAddressCheckByClient_Rule_13"/>
</testsuite> <!-- com.count.CourtesyRegistrationAddressCheckByClient.CourtesyRegistrationAddressCheckByClient_Rule_13 -->
