<?xml version="1.0" encoding="UTF-8"?>
<!-- Generated by org.testng.reporters.JUnitReportReporter -->
<testsuite skipped="0" hostname="SYNLPT7L616H2" name="com.count.AddressToEmailComparison.AddressToEmailComparison_Rule_02" tests="1" failures="0" timestamp="14 Nov 2017 17:25:47 GMT" time="11.918" errors="0">
  <testcase name="AddressToEmailComparison_Rule_02" time="11.918" classname="com.count.AddressToEmailComparison.AddressToEmailComparison_Rule_02"/>
</testsuite> <!-- com.count.AddressToEmailComparison.AddressToEmailComparison_Rule_02 -->
