<?xml version="1.0" encoding="UTF-8"?>
<!-- Generated by org.testng.reporters.JUnitReportReporter -->
<testsuite skipped="0" hostname="SYNLPT7L616H2" name="com.count.CourtesyRegistrationAddressCheckByClient.CourtesyRegistrationAddressCheckByClient_Rule_14" tests="1" failures="0" timestamp="15 Nov 2017 16:11:16 GMT" time="12.330" errors="0">
  <testcase name="CourtesyRegistrationAddressCheckByClient_Rule_01" time="12.330" classname="com.count.CourtesyRegistrationAddressCheckByClient.CourtesyRegistrationAddressCheckByClient_Rule_14"/>
</testsuite> <!-- com.count.CourtesyRegistrationAddressCheckByClient.CourtesyRegistrationAddressCheckByClient_Rule_14 -->
