<?xml version="1.0" encoding="UTF-8"?>
<!-- Generated by org.testng.reporters.JUnitReportReporter -->
<testsuite skipped="0" hostname="SYNLPT7L616H2" name="com.asurion.qa.TC_Validate_Type" tests="1" failures="0" timestamp="25 Aug 2017 15:36:55 GMT" time="2.905" errors="0">
  <testcase name="validate_json_Service_Request_Id_2" time="2.905" classname="com.asurion.qa.TC_Validate_Type"/>
</testsuite> <!-- com.asurion.qa.TC_Validate_Type -->
