<?xml version="1.0" encoding="UTF-8"?>
<!-- Generated by org.testng.reporters.JUnitReportReporter -->
<testsuite skipped="0" hostname="SYNLPT7L616H2" name="com.asurion.script.TC010DataPersistance" tests="1" failures="0" timestamp="26 Sep 2017 20:11:29 GMT" time="3.394" errors="0">
  <testcase name="DataPersistanceTest" time="3.394" classname="com.asurion.script.TC010DataPersistance"/>
</testsuite> <!-- com.asurion.script.TC010DataPersistance -->
