<?xml version="1.0" encoding="UTF-8"?>
<!-- Generated by org.testng.reporters.JUnitReportReporter -->
<testsuite skipped="0" hostname="SYNLPT7L616H2" name="com.count.ClaimsByIPAddress.ClaimsByIPAddress_Rule_02" tests="1" failures="0" timestamp="15 Nov 2017 15:01:02 GMT" time="11.642" errors="0">
  <testcase name="ClaimCountByTransactionNumber_Rule_01" time="11.642" classname="com.count.ClaimsByIPAddress.ClaimsByIPAddress_Rule_02"/>
</testsuite> <!-- com.count.ClaimsByIPAddress.ClaimsByIPAddress_Rule_02 -->
