<?xml version="1.0" encoding="UTF-8"?>
<!-- Generated by org.testng.reporters.JUnitReportReporter -->
<testsuite skipped="0" hostname="SYNLPT7L616H2" name="com.asurion.qa.FRMAddressNegativeTest" tests="1" failures="0" timestamp="23 Oct 2017 15:00:55 GMT" time="2.051" errors="0">
  <testcase name="AddressNegativeTest_Shasank" time="2.051" classname="com.asurion.qa.FRMAddressNegativeTest"/>
</testsuite> <!-- com.asurion.qa.FRMAddressNegativeTest -->
