<?xml version="1.0" encoding="UTF-8"?>
<!-- Generated by org.testng.reporters.JUnitReportReporter -->
<testsuite skipped="0" hostname="SYNLPT7L616H2" name="com.count.AddressToEmailComparison.AddressToEmailComparison_Rule_01" tests="1" failures="0" timestamp="15 Nov 2017 14:24:35 GMT" time="13.834" errors="0">
  <testcase name="AddressToEmailComparison_Rule_01" time="13.834" classname="com.count.AddressToEmailComparison.AddressToEmailComparison_Rule_01"/>
</testsuite> <!-- com.count.AddressToEmailComparison.AddressToEmailComparison_Rule_01 -->
