<?xml version="1.0" encoding="UTF-8"?>
<!-- Generated by org.testng.reporters.JUnitReportReporter -->
<testsuite skipped="0" hostname="SYNLPT7L616H2" name="com.count.AddressToConsumerComparision.FraudCheckAPI_Script_Rule" tests="1" failures="0" timestamp="01 Nov 2017 19:18:02 GMT" time="10.171" errors="0">
  <testcase name="FRAUD_CHECK_API_TEST_RULE2" time="10.171" classname="com.count.AddressToConsumerComparision.FraudCheckAPI_Script_Rule"/>
</testsuite> <!-- com.count.AddressToConsumerComparision.FraudCheckAPI_Script_Rule -->
