<?xml version="1.0" encoding="UTF-8"?>
<!-- Generated by org.testng.reporters.JUnitReportReporter -->
<testsuite skipped="0" hostname="SYNLPT7L616H2" name="com.asurion.qa.TC_Validate_Status_Code" tests="9" failures="0" timestamp="24 Aug 2017 19:47:32 GMT" time="0.619" errors="0">
  <testcase name="ASURION_RuleID_8" time="0.044" classname="com.asurion.qa.TC_Validate_Status_Code"/>
  <testcase name="ASURION_RuleID_7" time="0.041" classname="com.asurion.qa.TC_Validate_Status_Code"/>
  <testcase name="ASURION_RuleID_3" time="0.113" classname="com.asurion.qa.TC_Validate_Status_Code"/>
  <testcase name="ASURION_RuleID_5" time="0.043" classname="com.asurion.qa.TC_Validate_Status_Code"/>
  <testcase name="ASURION_RuleID_1" time="0.048" classname="com.asurion.qa.TC_Validate_Status_Code"/>
  <testcase name="ASURION_RuleID_6" time="0.079" classname="com.asurion.qa.TC_Validate_Status_Code"/>
  <testcase name="ASURION_RuleID_4" time="0.147" classname="com.asurion.qa.TC_Validate_Status_Code"/>
  <testcase name="ASURION_RuleID_9" time="0.033" classname="com.asurion.qa.TC_Validate_Status_Code"/>
  <testcase name="ASURION_RuleID_2" time="0.071" classname="com.asurion.qa.TC_Validate_Status_Code"/>
</testsuite> <!-- com.asurion.qa.TC_Validate_Status_Code -->
