<?xml version="1.0" encoding="UTF-8"?>
<!-- Generated by org.testng.reporters.JUnitReportReporter -->
<testsuite skipped="0" hostname="SYNLPT7L616H2" name="com.asurion.CountComputationTest.ClaimCountByFulfillmentTransactionID" tests="1" failures="0" timestamp="25 Oct 2017 19:48:59 GMT" time="0.778" errors="0">
  <testcase name="ClaimCountByFulfillmentTransactionID" time="0.778" classname="com.asurion.CountComputationTest.ClaimCountByFulfillmentTransactionID"/>
</testsuite> <!-- com.asurion.CountComputationTest.ClaimCountByFulfillmentTransactionID -->
