<?xml version="1.0" encoding="UTF-8"?>
<!-- Generated by org.testng.reporters.JUnitReportReporter -->
<testsuite skipped="0" hostname="SYNLPT7L616H2" name="com.count.AddressToConsumerComparision.AddressToConsumerComparision_Rule_7" tests="1" failures="0" timestamp="01 Nov 2017 21:34:59 GMT" time="17.038" errors="0">
  <testcase name="AddressToConsumerComparision_Rule_7" time="17.038" classname="com.count.AddressToConsumerComparision.AddressToConsumerComparision_Rule_7"/>
</testsuite> <!-- com.count.AddressToConsumerComparision.AddressToConsumerComparision_Rule_7 -->
