<?xml version="1.0" encoding="UTF-8"?>
<!-- Generated by org.testng.reporters.JUnitReportReporter -->
<testsuite skipped="0" hostname="SYNLPT7L616H2" name="com.count.CountOfAddressesByIPaddress.CountOfAddressesByIPaddress_Rule_01" tests="1" failures="0" timestamp="15 Nov 2017 14:57:05 GMT" time="12.425" errors="0">
  <testcase name="CountOfAddressesByIPaddress_Rule_01" time="12.425" classname="com.count.CountOfAddressesByIPaddress.CountOfAddressesByIPaddress_Rule_01"/>
</testsuite> <!-- com.count.CountOfAddressesByIPaddress.CountOfAddressesByIPaddress_Rule_01 -->
