<?xml version="1.0" encoding="UTF-8"?>
<!-- Generated by org.testng.reporters.JUnitReportReporter -->
<testsuite skipped="0" hostname="SYNLPT7L616H2" name="com.asurion.qa.Validate_Rule_ID_5" tests="1" failures="0" timestamp="23 Aug 2017 20:14:44 GMT" time="2.293" errors="0">
  <testcase name="ASURION_RuleID_5_Paramater" time="2.293" classname="com.asurion.qa.Validate_Rule_ID_5"/>
</testsuite> <!-- com.asurion.qa.Validate_Rule_ID_5 -->
