<?xml version="1.0" encoding="UTF-8"?>
<!-- Generated by org.testng.reporters.JUnitReportReporter -->
<testsuite skipped="0" hostname="SYNLPT7L616H2" name="com.count.ClaimsByIPAddress.ClaimsByIPAddress_Rule_01" tests="1" failures="0" timestamp="15 Nov 2017 15:00:36 GMT" time="10.750" errors="0">
  <testcase name="ClaimsByIPAddress_Rule_01" time="10.750" classname="com.count.ClaimsByIPAddress.ClaimsByIPAddress_Rule_01"/>
</testsuite> <!-- com.count.ClaimsByIPAddress.ClaimsByIPAddress_Rule_01 -->
