<?xml version="1.0" encoding="UTF-8"?>
<!-- Generated by org.testng.reporters.JUnitReportReporter -->
<testsuite skipped="0" hostname="SYNLPT7L616H2" name="com.asurion.script.FraudCheckAPI_Script_Count" tests="1" failures="0" timestamp="26 Oct 2017 20:50:08 GMT" time="7.318" errors="0">
  <testcase name="FRAUD_CHECK_API_TEST_RULE1" time="7.318" classname="com.asurion.script.FraudCheckAPI_Script_Count"/>
</testsuite> <!-- com.asurion.script.FraudCheckAPI_Script_Count -->
