<?xml version="1.0" encoding="UTF-8"?>
<!-- Generated by org.testng.reporters.JUnitReportReporter -->
<testsuite skipped="0" hostname="SYNLPT7L616H2" name="com.count.PrimaryPhoneByTransactionNumber.PrimaryPhoneByTransactionNumber_Rule_01" tests="1" failures="0" timestamp="15 Nov 2017 18:27:13 GMT" time="12.634" errors="0">
  <testcase name="PrimaryPhoneByTransactionNumber_Rule_01" time="12.634" classname="com.count.PrimaryPhoneByTransactionNumber.PrimaryPhoneByTransactionNumber_Rule_01"/>
</testsuite> <!-- com.count.PrimaryPhoneByTransactionNumber.PrimaryPhoneByTransactionNumber_Rule_01 -->
