<?xml version="1.0" encoding="UTF-8"?>
<!-- Generated by org.testng.reporters.JUnitReportReporter -->
<testsuite skipped="0" hostname="SYNLPT7L616H2" name="com.count.AddressToConsumerComparision.AddressToConsumerComparision_Rule_14" tests="1" failures="0" timestamp="01 Nov 2017 22:05:35 GMT" time="9.348" errors="0">
  <testcase name="AddressToConsumerComparision_Rule_14" time="9.348" classname="com.count.AddressToConsumerComparision.AddressToConsumerComparision_Rule_14"/>
</testsuite> <!-- com.count.AddressToConsumerComparision.AddressToConsumerComparision_Rule_14 -->
