<?xml version="1.0" encoding="UTF-8"?>
<!-- Generated by org.testng.reporters.JUnitReportReporter -->
<testsuite skipped="0" hostname="SYNLPT7L616H2" name="com.count.ContractCountByModelSerialCombo.ContractCountByModelSerialCombo_Rule_08" tests="1" failures="0" timestamp="15 Nov 2017 19:53:27 GMT" time="11.734" errors="0">
  <testcase name="ContractCountByModelSerialCombo_Rule_08" time="11.734" classname="com.count.ContractCountByModelSerialCombo.ContractCountByModelSerialCombo_Rule_08"/>
</testsuite> <!-- com.count.ContractCountByModelSerialCombo.ContractCountByModelSerialCombo_Rule_08 -->
