<?xml version="1.0" encoding="UTF-8"?>
<!-- Generated by org.testng.reporters.JUnitReportReporter -->
<testsuite skipped="0" hostname="SYNLPT7L616H2" name="com.count.AddressToPrimaryPhoneComparison.AddressToPrimaryPhoneComparison_Rule_02" tests="1" failures="0" timestamp="14 Nov 2017 19:11:02 GMT" time="14.411" errors="0">
  <testcase name="AddressToPrimaryPhoneComparison_Rule_01" time="14.411" classname="com.count.AddressToPrimaryPhoneComparison.AddressToPrimaryPhoneComparison_Rule_02"/>
</testsuite> <!-- com.count.AddressToPrimaryPhoneComparison.AddressToPrimaryPhoneComparison_Rule_02 -->
