<?xml version="1.0" encoding="UTF-8"?>
<!-- Generated by org.testng.reporters.JUnitReportReporter -->
<testsuite skipped="0" hostname="SYNLPT7L616H2" name="com.count.AddressToConsumerComparision.AddressToConsumerComparision_Rule_4" tests="1" failures="0" timestamp="01 Nov 2017 21:06:42 GMT" time="9.721" errors="0">
  <testcase name="AddressToConsumerComparision_Rule_4" time="9.721" classname="com.count.AddressToConsumerComparision.AddressToConsumerComparision_Rule_4"/>
</testsuite> <!-- com.count.AddressToConsumerComparision.AddressToConsumerComparision_Rule_4 -->
