<?xml version="1.0" encoding="UTF-8"?>
<!-- Generated by org.testng.reporters.JUnitReportReporter -->
<testsuite skipped="0" hostname="SYNLPT7L616H2" name="com.asurion.script.JunitTest" tests="1" failures="0" timestamp="23 Oct 2017 19:46:42 GMT" time="2.844" errors="0">
  <testcase name="FRAUD_CHECK_API_TEST_RULE1" time="2.844" classname="com.asurion.script.JunitTest"/>
</testsuite> <!-- com.asurion.script.JunitTest -->
