<?xml version="1.0" encoding="UTF-8"?>
<!-- Generated by org.testng.reporters.JUnitReportReporter -->
<testsuite skipped="0" hostname="SYNLPT7L616H2" name="com.asurion.CountComputationTest.AddressMatch" tests="1" failures="0" timestamp="31 Oct 2017 14:02:38 GMT" time="0.647" errors="0">
  <testcase name="AddressMatch" time="0.647" classname="com.asurion.CountComputationTest.AddressMatch"/>
</testsuite> <!-- com.asurion.CountComputationTest.AddressMatch -->
