<?xml version="1.0" encoding="UTF-8"?>
<!-- Generated by org.testng.reporters.JUnitReportReporter -->
<testsuite skipped="0" hostname="SYNLPT7L616H2" name="com.count.AddressMatch.AddressMatch_Rule_1" tests="1" failures="0" timestamp="02 Nov 2017 13:25:46 GMT" time="13.115" errors="0">
  <testcase name="AddressMatch" time="13.115" classname="com.count.AddressMatch.AddressMatch_Rule_1"/>
</testsuite> <!-- com.count.AddressMatch.AddressMatch_Rule_1 -->
