<?xml version="1.0" encoding="UTF-8"?>
<!-- Generated by org.testng.reporters.JUnitReportReporter -->
<testsuite skipped="0" hostname="SYNLPT7L616H2" name="com.asurion.CountComputationTest.ClaimCountByTransactionNumber" tests="1" failures="0" timestamp="25 Oct 2017 20:36:20 GMT" time="0.654" errors="0">
  <testcase name="ClaimCountByTransactionNumber" time="0.654" classname="com.asurion.CountComputationTest.ClaimCountByTransactionNumber"/>
</testsuite> <!-- com.asurion.CountComputationTest.ClaimCountByTransactionNumber -->
