<?xml version="1.0" encoding="UTF-8"?>
<!-- Generated by org.testng.reporters.JUnitReportReporter -->
<testsuite skipped="0" hostname="SYNLPT7L616H2" name="com.count.AddressToConsumerComparision.AddressToConsumerComparision_Rule_12" tests="1" failures="0" timestamp="01 Nov 2017 21:25:54 GMT" time="10.503" errors="0">
  <testcase name="AddressToConsumerComparision_Rule_12" time="10.503" classname="com.count.AddressToConsumerComparision.AddressToConsumerComparision_Rule_12"/>
</testsuite> <!-- com.count.AddressToConsumerComparision.AddressToConsumerComparision_Rule_12 -->
