<?xml version="1.0" encoding="UTF-8"?>
<!-- Generated by org.testng.reporters.JUnitReportReporter -->
<testsuite skipped="0" hostname="SYNLPT7L616H2" name="com.count.AddressMatch.AddressMatch_Rule_6" tests="1" failures="0" timestamp="14 Nov 2017 21:48:57 GMT" time="8.709" errors="0">
  <testcase name="AddressMatch_Rule_6" time="8.709" classname="com.count.AddressMatch.AddressMatch_Rule_6"/>
</testsuite> <!-- com.count.AddressMatch.AddressMatch_Rule_6 -->
