<?xml version="1.0" encoding="UTF-8"?>
<!-- Generated by org.testng.reporters.JUnitReportReporter -->
<testsuite skipped="0" hostname="SYNLPT7L616H2" name="com.asurion.CountComputationTest.SalvageCommentsToANI" tests="1" failures="0" timestamp="26 Oct 2017 17:04:58 GMT" time="0.984" errors="0">
  <testcase name="SalvageCommentsToANI" time="0.984" classname="com.asurion.CountComputationTest.SalvageCommentsToANI"/>
</testsuite> <!-- com.asurion.CountComputationTest.SalvageCommentsToANI -->
