<?xml version="1.0" encoding="UTF-8"?>
<!-- Generated by org.testng.reporters.JUnitReportReporter -->
<testsuite skipped="0" hostname="SYNLPT7L616H2" name="com.asurion.qa.Validate_Rule_ID_1" tests="1" failures="0" timestamp="24 Aug 2017 17:43:27 GMT" time="25.057" errors="0">
  <testcase name="ASURION_RuleID_1_Paramater" time="25.057" classname="com.asurion.qa.Validate_Rule_ID_1"/>
</testsuite> <!-- com.asurion.qa.Validate_Rule_ID_1 -->
