<?xml version="1.0" encoding="UTF-8"?>
<!-- Generated by org.testng.reporters.JUnitReportReporter -->
<testsuite skipped="0" hostname="SYNLPT7L616H2" name="com.asurion.CountComputationTest.AddressToEmailComparison" tests="1" failures="0" timestamp="31 Oct 2017 14:03:27 GMT" time="0.450" errors="0">
  <testcase name="AddressToEmailComparison" time="0.450" classname="com.asurion.CountComputationTest.AddressToEmailComparison"/>
</testsuite> <!-- com.asurion.CountComputationTest.AddressToEmailComparison -->
