<?xml version="1.0" encoding="UTF-8"?>
<!-- Generated by org.testng.reporters.JUnitReportReporter -->
<testsuite skipped="0" hostname="SYNLPT7L616H2" name="com.asurion.qa.Validate_Rule_ID_4" tests="1" failures="0" timestamp="23 Aug 2017 20:11:30 GMT" time="2.334" errors="0">
  <testcase name="ASURION_RuleID_1_Paramater" time="2.334" classname="com.asurion.qa.Validate_Rule_ID_4"/>
</testsuite> <!-- com.asurion.qa.Validate_Rule_ID_4 -->
