<?xml version="1.0" encoding="UTF-8"?>
<!-- Generated by org.testng.reporters.JUnitReportReporter -->
<testsuite skipped="0" hostname="SYNLPT7L616H2" name="com.asurion.CountComputationTest.CountOfEmailAddressesByIPaddress" tests="1" failures="0" timestamp="26 Oct 2017 18:25:02 GMT" time="0.709" errors="0">
  <testcase name="CountOfEmailAddressesByIPaddress" time="0.709" classname="com.asurion.CountComputationTest.CountOfEmailAddressesByIPaddress"/>
</testsuite> <!-- com.asurion.CountComputationTest.CountOfEmailAddressesByIPaddress -->
