<?xml version="1.0" encoding="UTF-8"?>
<!-- Generated by org.testng.reporters.JUnitReportReporter -->
<testsuite skipped="0" hostname="SYNLPT7L616H2" name="com.count.ClaimCountByPEBOOverrideFlag.ClaimCountByPEBOOverrideFlag_Rule_01" tests="1" failures="0" timestamp="14 Nov 2017 19:48:27 GMT" time="11.830" errors="0">
  <testcase name="ClaimCountByPEBOOverrideFlag_Rule_01" time="11.830" classname="com.count.ClaimCountByPEBOOverrideFlag.ClaimCountByPEBOOverrideFlag_Rule_01"/>
</testsuite> <!-- com.count.ClaimCountByPEBOOverrideFlag.ClaimCountByPEBOOverrideFlag_Rule_01 -->
