<?xml version="1.0" encoding="UTF-8"?>
<!-- Generated by org.testng.reporters.JUnitReportReporter -->
<testsuite skipped="0" hostname="SYNLPT7L616H2" name="com.count.PrimaryPhoneByTransactionNumber.PrimaryPhoneByTransactionNumber_Rule_11" tests="1" failures="0" timestamp="15 Nov 2017 18:38:11 GMT" time="11.542" errors="0">
  <testcase name="PrimaryPhoneByTransactionNumber_Rule_01" time="11.542" classname="com.count.PrimaryPhoneByTransactionNumber.PrimaryPhoneByTransactionNumber_Rule_11"/>
</testsuite> <!-- com.count.PrimaryPhoneByTransactionNumber.PrimaryPhoneByTransactionNumber_Rule_11 -->
