<?xml version="1.0" encoding="UTF-8"?>
<!-- Generated by org.testng.reporters.JUnitReportReporter -->
<testsuite skipped="0" hostname="SYNLPT7L616H2" name="com.count.AddressMatch.AddressMatch_Rule_5" tests="1" failures="0" timestamp="03 Nov 2017 20:26:53 GMT" time="19.521" errors="0">
  <testcase name="AddressMatch_Rule_5" time="19.521" classname="com.count.AddressMatch.AddressMatch_Rule_5"/>
</testsuite> <!-- com.count.AddressMatch.AddressMatch_Rule_5 -->
