<?xml version="1.0" encoding="UTF-8"?>
<!-- Generated by org.testng.reporters.JUnitReportReporter -->
<testsuite skipped="0" hostname="SYNLPT7L616H2" name="com.count.CustomersByIPaddress.CustomersByIPaddress_Rule_01" tests="1" failures="0" timestamp="15 Nov 2017 18:03:36 GMT" time="13.457" errors="0">
  <testcase name="CustomersByIPaddress_Rule_01" time="13.457" classname="com.count.CustomersByIPaddress.CustomersByIPaddress_Rule_01"/>
</testsuite> <!-- com.count.CustomersByIPaddress.CustomersByIPaddress_Rule_01 -->
