<?xml version="1.0" encoding="UTF-8"?>
<!-- Generated by org.testng.reporters.JUnitReportReporter -->
<testsuite skipped="0" hostname="SYNLPT7L616H2" name="com.count.AddressMatch.AddressMatch_Rule_11" tests="1" failures="0" timestamp="03 Nov 2017 20:36:45 GMT" time="21.246" errors="0">
  <testcase name="AddressMatch_Rule_11" time="21.246" classname="com.count.AddressMatch.AddressMatch_Rule_11"/>
</testsuite> <!-- com.count.AddressMatch.AddressMatch_Rule_11 -->
