<?xml version="1.0" encoding="UTF-8"?>
<!-- Generated by org.testng.reporters.JUnitReportReporter -->
<testsuite skipped="0" hostname="SYNLPT7L616H2" name="com.count.SalvageCommentsToAddress.SalvageCommentsToAddress_Rule_01" tests="1" failures="0" timestamp="15 Nov 2017 18:49:38 GMT" time="11.006" errors="0">
  <testcase name="SalvageCommentsToAddress_Rule_01" time="11.006" classname="com.count.SalvageCommentsToAddress.SalvageCommentsToAddress_Rule_01"/>
</testsuite> <!-- com.count.SalvageCommentsToAddress.SalvageCommentsToAddress_Rule_01 -->
