<?xml version="1.0" encoding="UTF-8"?>
<!-- Generated by org.testng.reporters.JUnitReportReporter -->
<testsuite skipped="0" hostname="SYNLPT7L616H2" name="com.count.PrimaryPhoneByGeoIDs.PrimaryPhoneByGeoIDs_Rule_01" tests="1" failures="0" timestamp="15 Nov 2017 18:12:02 GMT" time="10.392" errors="0">
  <testcase name="CourtesyRegistrationEmailCheckByClient_Rule_01" time="10.392" classname="com.count.PrimaryPhoneByGeoIDs.PrimaryPhoneByGeoIDs_Rule_01"/>
</testsuite> <!-- com.count.PrimaryPhoneByGeoIDs.PrimaryPhoneByGeoIDs_Rule_01 -->
