<?xml version="1.0" encoding="UTF-8"?>
<!-- Generated by org.testng.reporters.JUnitReportReporter -->
<testsuite skipped="0" hostname="SYNLPT7L616H2" name="com.asurion.CountComputationTest.SalvageCommentsToAddress" tests="1" failures="0" timestamp="25 Oct 2017 21:06:06 GMT" time="0.449" errors="0">
  <testcase name="SalvageCommentsToAddress" time="0.449" classname="com.asurion.CountComputationTest.SalvageCommentsToAddress"/>
</testsuite> <!-- com.asurion.CountComputationTest.SalvageCommentsToAddress -->
