<?xml version="1.0" encoding="UTF-8"?>
<!-- Generated by org.testng.reporters.JUnitReportReporter -->
<testsuite skipped="0" hostname="SYNLPT7L616H2" name="com.asurion.qa.FRMDataPersistanceTest" tests="1" failures="0" timestamp="26 Sep 2017 16:41:33 GMT" time="3.385" errors="0">
  <testcase name="DataPersistanceTest_Shasank" time="3.385" classname="com.asurion.qa.FRMDataPersistanceTest"/>
</testsuite> <!-- com.asurion.qa.FRMDataPersistanceTest -->
