<?xml version="1.0" encoding="UTF-8"?>
<!-- Generated by org.testng.reporters.JUnitReportReporter -->
<testsuite skipped="0" hostname="SYNLPT7L616H2" name="com.asurion.CountComputationTest.DaysCountInPurchaseAndFailureDt" tests="1" failures="0" timestamp="25 Oct 2017 21:01:30 GMT" time="0.656" errors="0">
  <testcase name="DaysCountInPurchaseAndFailureDt" time="0.656" classname="com.asurion.CountComputationTest.DaysCountInPurchaseAndFailureDt"/>
</testsuite> <!-- com.asurion.CountComputationTest.DaysCountInPurchaseAndFailureDt -->
