<?xml version="1.0" encoding="UTF-8"?>
<!-- Generated by org.testng.reporters.JUnitReportReporter -->
<testsuite skipped="0" hostname="SYNLPT7L616H2" name="com.asurion.CountComputationTest.ANIByPrimaryPhone" tests="1" failures="0" timestamp="30 Oct 2017 15:35:45 GMT" time="0.863" errors="0">
  <testcase name="ANIByPrimaryPhone" time="0.863" classname="com.asurion.CountComputationTest.ANIByPrimaryPhone"/>
</testsuite> <!-- com.asurion.CountComputationTest.ANIByPrimaryPhone -->
