<?xml version="1.0" encoding="UTF-8"?>
<!-- Generated by org.testng.reporters.JUnitReportReporter -->
<testsuite skipped="0" hostname="SYNLPT7L616H2" name="com.asurion.qa.InternalFraudCheckAPITest" tests="1" failures="0" timestamp="26 Sep 2017 16:18:46 GMT" time="3.123" errors="0">
  <testcase name="ASURION_FRM" time="3.123" classname="com.asurion.qa.InternalFraudCheckAPITest"/>
</testsuite> <!-- com.asurion.qa.InternalFraudCheckAPITest -->
