<?xml version="1.0" encoding="UTF-8"?>
<!-- Generated by org.testng.reporters.JUnitReportReporter -->
<testsuite skipped="0" hostname="SYNLPT7L616H2" name="com.count.SalvageCommentsToWebID.SalvageCommentsToWebID_Rule_01" tests="1" failures="0" timestamp="15 Nov 2017 18:55:50 GMT" time="11.738" errors="0">
  <testcase name="SalvageCommentsToWebID_Rule_01" time="11.738" classname="com.count.SalvageCommentsToWebID.SalvageCommentsToWebID_Rule_01"/>
</testsuite> <!-- com.count.SalvageCommentsToWebID.SalvageCommentsToWebID_Rule_01 -->
