<?xml version="1.0" encoding="UTF-8"?>
<!-- Generated by org.testng.reporters.JUnitReportReporter -->
<testsuite skipped="0" hostname="SYNLPT7L616H2" name="com.asurion.qa.TC_Validate_Rule_ID_5" tests="1" failures="0" timestamp="24 Aug 2017 19:47:32 GMT" time="0.129" errors="0">
  <testcase name="ASURION_RuleID_5_Paramater" time="0.129" classname="com.asurion.qa.TC_Validate_Rule_ID_5"/>
</testsuite> <!-- com.asurion.qa.TC_Validate_Rule_ID_5 -->
