<?xml version="1.0" encoding="UTF-8"?>
<!-- Generated by org.testng.reporters.JUnitReportReporter -->
<testsuite skipped="0" hostname="SYNLPT7L616H2" name="com.asurion.CountComputationTest.ANIByEmailIDs" tests="1" failures="0" timestamp="26 Oct 2017 17:15:26 GMT" time="0.887" errors="0">
  <testcase name="ANIByEmailIDs" time="0.887" classname="com.asurion.CountComputationTest.ANIByEmailIDs"/>
</testsuite> <!-- com.asurion.CountComputationTest.ANIByEmailIDs -->
