<?xml version="1.0" encoding="UTF-8"?>
<!-- Generated by org.testng.reporters.JUnitReportReporter -->
<testsuite skipped="0" hostname="SYNLPT7L616H2" name="com.asurion.CountComputationTest.ClaimCountByWebID" tests="1" failures="0" timestamp="25 Oct 2017 20:41:28 GMT" time="0.708" errors="0">
  <testcase name="ClaimCountByWebID" time="0.708" classname="com.asurion.CountComputationTest.ClaimCountByWebID"/>
</testsuite> <!-- com.asurion.CountComputationTest.ClaimCountByWebID -->
