<?xml version="1.0" encoding="UTF-8"?>
<!-- Generated by org.testng.reporters.JUnitReportReporter -->
<testsuite skipped="0" hostname="SYNLPT7L616H2" name="com.count.CourtesyRegistrationPrimaryPhoneCheckByClient.CourtesyRegistrationPrimaryPhoneCheckByClient_Rule_01" tests="1" failures="0" timestamp="15 Nov 2017 20:04:34 GMT" time="9.803" errors="0">
  <testcase name="CourtesyRegistrationPrimaryPhoneCheckByClient_Rule_01" time="9.803" classname="com.count.CourtesyRegistrationPrimaryPhoneCheckByClient.CourtesyRegistrationPrimaryPhoneCheckByClient_Rule_01"/>
</testsuite> <!-- com.count.CourtesyRegistrationPrimaryPhoneCheckByClient.CourtesyRegistrationPrimaryPhoneCheckByClient_Rule_01 -->
