<?xml version="1.0" encoding="UTF-8"?>
<!-- Generated by org.testng.reporters.JUnitReportReporter -->
<testsuite skipped="0" hostname="SYNLPT7L616H2" name="com.asurion.qa.TC_Validate_Rule_ID" tests="9" failures="0" timestamp="24 Aug 2017 19:47:32 GMT" time="0.863" errors="0">
  <testcase name="ASURION_RuleID_2" time="0.137" classname="com.asurion.qa.TC_Validate_Rule_ID"/>
  <testcase name="ASURION_RuleID_6" time="0.131" classname="com.asurion.qa.TC_Validate_Rule_ID"/>
  <testcase name="ASURION_RuleID_5" time="0.079" classname="com.asurion.qa.TC_Validate_Rule_ID"/>
  <testcase name="ASURION_RuleID_8" time="0.115" classname="com.asurion.qa.TC_Validate_Rule_ID"/>
  <testcase name="ASURION_RuleID_7" time="0.059" classname="com.asurion.qa.TC_Validate_Rule_ID"/>
  <testcase name="ASURION_RuleID_3" time="0.113" classname="com.asurion.qa.TC_Validate_Rule_ID"/>
  <testcase name="ASURION_RuleID_1" time="0.091" classname="com.asurion.qa.TC_Validate_Rule_ID"/>
  <testcase name="ASURION_RuleID_4" time="0.056" classname="com.asurion.qa.TC_Validate_Rule_ID"/>
  <testcase name="ASURION_RuleID_9" time="0.082" classname="com.asurion.qa.TC_Validate_Rule_ID"/>
</testsuite> <!-- com.asurion.qa.TC_Validate_Rule_ID -->
