<?xml version="1.0" encoding="UTF-8"?>
<!-- Generated by org.testng.reporters.JUnitReportReporter -->
<testsuite skipped="0" hostname="SYNLPT7L616H2" name="com.count.AddressMatch.AddressMatch_Rule_17" tests="1" failures="0" timestamp="03 Nov 2017 21:17:36 GMT" time="13.769" errors="0">
  <testcase name="AddressMatch_Rule_17" time="13.769" classname="com.count.AddressMatch.AddressMatch_Rule_17"/>
</testsuite> <!-- com.count.AddressMatch.AddressMatch_Rule_17 -->
