<?xml version="1.0" encoding="UTF-8"?>
<!-- Generated by org.testng.reporters.JUnitReportReporter -->
<testsuite skipped="0" hostname="SYNLPT7L616H2" name="com.asurion.qa.TC_Validate_Action_Code_Rule_ID_6" tests="1" failures="0" timestamp="24 Aug 2017 19:47:32 GMT" time="0.054" errors="0">
  <testcase name="Assertion_Action_Code_RULE_Id_6" time="0.054" classname="com.asurion.qa.TC_Validate_Action_Code_Rule_ID_6"/>
</testsuite> <!-- com.asurion.qa.TC_Validate_Action_Code_Rule_ID_6 -->
