<?xml version="1.0" encoding="UTF-8"?>
<!-- Generated by org.testng.reporters.JUnitReportReporter -->
<testsuite skipped="0" hostname="SYNLPT7L616H2" name="com.asurion.qa.FraudCheckAPITest1" tests="1" failures="0" timestamp="23 Oct 2017 14:57:11 GMT" time="2.903" errors="0">
  <testcase name="ASURION_FRM" time="2.903" classname="com.asurion.qa.FraudCheckAPITest1"/>
</testsuite> <!-- com.asurion.qa.FraudCheckAPITest1 -->
