<?xml version="1.0" encoding="UTF-8"?>
<!-- Generated by org.testng.reporters.JUnitReportReporter -->
<testsuite skipped="0" hostname="SYNLPT7L616H2" name="com.count.AddressMatch.AddressMatch_Rule_10" tests="1" failures="0" timestamp="16 Nov 2017 16:10:07 GMT" time="17.890" errors="0">
  <testcase name="AddressMatch_Rule_10" time="17.890" classname="com.count.AddressMatch.AddressMatch_Rule_10"/>
</testsuite> <!-- com.count.AddressMatch.AddressMatch_Rule_10 -->
