<?xml version="1.0" encoding="UTF-8"?>
<!-- Generated by org.testng.reporters.JUnitReportReporter -->
<testsuite skipped="0" hostname="SYNLPT7L616H2" name="com.asurion.CountComputationTest.ClaimCountByPEBOOverrideFlag" tests="1" failures="0" timestamp="25 Oct 2017 20:31:35 GMT" time="0.516" errors="0">
  <testcase name="ClaimCountByPEBOOverrideFlag" time="0.516" classname="com.asurion.CountComputationTest.ClaimCountByPEBOOverrideFlag"/>
</testsuite> <!-- com.asurion.CountComputationTest.ClaimCountByPEBOOverrideFlag -->
