<?xml version="1.0" encoding="UTF-8"?>
<!-- Generated by org.testng.reporters.JUnitReportReporter -->
<testsuite skipped="0" hostname="SYNLPT7L616H2" name="com.count.CourtesyRegistrationEmailCheckByClient.CourtesyRegistrationEmailCheckByClient_Rule_03" tests="1" failures="0" timestamp="15 Nov 2017 18:11:22 GMT" time="11.781" errors="0">
  <testcase name="CourtesyRegistrationEmailCheckByClient_Rule_01" time="11.781" classname="com.count.CourtesyRegistrationEmailCheckByClient.CourtesyRegistrationEmailCheckByClient_Rule_03"/>
</testsuite> <!-- com.count.CourtesyRegistrationEmailCheckByClient.CourtesyRegistrationEmailCheckByClient_Rule_03 -->
