<?xml version="1.0" encoding="UTF-8"?>
<!-- Generated by org.testng.reporters.JUnitReportReporter -->
<testsuite skipped="0" hostname="SYNLPT7L616H2" name="com.asurion.CountComputationTest.ANIByGeoIDs" tests="1" failures="0" timestamp="26 Oct 2017 17:33:33 GMT" time="0.708" errors="0">
  <testcase name="ANIByGeoIDs" time="0.708" classname="com.asurion.CountComputationTest.ANIByGeoIDs"/>
</testsuite> <!-- com.asurion.CountComputationTest.ANIByGeoIDs -->
