<?xml version="1.0" encoding="UTF-8"?>
<!-- Generated by org.testng.reporters.JUnitReportReporter -->
<testsuite skipped="0" hostname="SYNLPT7L616H2" name="com.count.CustomerIDByTransactionNumber.CustomerIDByTransactionNumber_Rule_01" tests="1" failures="0" timestamp="15 Nov 2017 15:53:56 GMT" time="8.198" errors="0">
  <testcase name="CustomerIDByTransactionNumber_Rule_01" time="8.198" classname="com.count.CustomerIDByTransactionNumber.CustomerIDByTransactionNumber_Rule_01"/>
</testsuite> <!-- com.count.CustomerIDByTransactionNumber.CustomerIDByTransactionNumber_Rule_01 -->
