<?xml version="1.0" encoding="UTF-8"?>
<!-- Generated by org.testng.reporters.JUnitReportReporter -->
<testsuite skipped="0" hostname="SYNLPT7L616H2" name="com.asurion.CountComputationTest.PrimaryPhoneByTransactionNumber" tests="1" failures="0" timestamp="26 Oct 2017 19:19:37 GMT" time="0.624" errors="0">
  <testcase name="PrimaryPhoneByTransactionNumber" time="0.624" classname="com.asurion.CountComputationTest.PrimaryPhoneByTransactionNumber"/>
</testsuite> <!-- com.asurion.CountComputationTest.PrimaryPhoneByTransactionNumber -->
