<?xml version="1.0" encoding="UTF-8"?>
<!-- Generated by org.testng.reporters.JUnitReportReporter -->
<testsuite skipped="0" hostname="SYNLPT7L616H2" name="com.count.AddressToConsumerComparision.FraudCheckAPI_Script_Rule_3" tests="1" failures="0" timestamp="01 Nov 2017 20:57:20 GMT" time="12.482" errors="0">
  <testcase name="FRAUD_CHECK_API_TEST_RULE2" time="12.482" classname="com.count.AddressToConsumerComparision.FraudCheckAPI_Script_Rule_3"/>
</testsuite> <!-- com.count.AddressToConsumerComparision.FraudCheckAPI_Script_Rule_3 -->
