<?xml version="1.0" encoding="UTF-8"?>
<!-- Generated by org.testng.reporters.JUnitReportReporter -->
<testsuite skipped="0" hostname="SYNLPT7L616H2" name="com.asurion.script.FRAUD_CHECK_API_TEST_RULE_2" tests="1" failures="0" timestamp="02 Oct 2017 13:29:48 GMT" time="4.319" errors="0">
  <testcase name="FRAUD_CHECK_API_TEST_RULE2" time="4.319" classname="com.asurion.script.FRAUD_CHECK_API_TEST_RULE_2"/>
</testsuite> <!-- com.asurion.script.FRAUD_CHECK_API_TEST_RULE_2 -->
