<?xml version="1.0" encoding="UTF-8"?>
<!-- Generated by org.testng.reporters.JUnitReportReporter -->
<testsuite skipped="0" hostname="SYNLPT7L616H2" name="com.count.ClaimCountByWebID.ClaimCountByWebID_Rule_06" tests="1" failures="0" timestamp="14 Nov 2017 21:24:24 GMT" time="14.793" errors="0">
  <testcase name="ClaimCountByTransactionNumber_Rule_01" time="14.793" classname="com.count.ClaimCountByWebID.ClaimCountByWebID_Rule_06"/>
</testsuite> <!-- com.count.ClaimCountByWebID.ClaimCountByWebID_Rule_06 -->
