<?xml version="1.0" encoding="UTF-8"?>
<!-- Generated by org.testng.reporters.JUnitReportReporter -->
<testsuite skipped="0" hostname="SYNLPT7L616H2" name="com.asurion.qa.TC_Rule_ID" tests="2" failures="0" timestamp="24 Aug 2017 19:47:32 GMT" time="0.337" errors="0">
  <testcase name="validate_json_RULE_Id1" time="0.269" classname="com.asurion.qa.TC_Rule_ID"/>
  <testcase name="validate_json_RULE_Id" time="0.068" classname="com.asurion.qa.TC_Rule_ID"/>
</testsuite> <!-- com.asurion.qa.TC_Rule_ID -->
