<?xml version="1.0" encoding="UTF-8"?>
<!-- Generated by org.testng.reporters.JUnitReportReporter -->
<testsuite skipped="0" hostname="SYNLPT7L616H2" name="com.count.ANIByPrimaryPhone.ANIByPrimaryPhone_Rule_01" tests="1" failures="0" timestamp="15 Nov 2017 19:31:36 GMT" time="12.534" errors="0">
  <testcase name="ANIByPrimaryPhone_Rule_01" time="12.534" classname="com.count.ANIByPrimaryPhone.ANIByPrimaryPhone_Rule_01"/>
</testsuite> <!-- com.count.ANIByPrimaryPhone.ANIByPrimaryPhone_Rule_01 -->
