<?xml version="1.0" encoding="UTF-8"?>
<!-- Generated by org.testng.reporters.JUnitReportReporter -->
<testsuite skipped="0" hostname="SYNLPT7L616H2" name="com.count.AddressToConsumerComparision.AddressToConsumerComparision_Rule_11" tests="1" failures="0" timestamp="02 Nov 2017 14:37:37 GMT" time="16.048" errors="0">
  <testcase name="AddressToConsumerComparision_Rule_11" time="16.048" classname="com.count.AddressToConsumerComparision.AddressToConsumerComparision_Rule_11"/>
</testsuite> <!-- com.count.AddressToConsumerComparision.AddressToConsumerComparision_Rule_11 -->
