<?xml version="1.0" encoding="UTF-8"?>
<!-- Generated by org.testng.reporters.JUnitReportReporter -->
<testsuite skipped="0" hostname="SYNLPT7L616H2" name="com.asurion.CountComputationTest.ClaimsByIPAddress" tests="1" failures="0" timestamp="25 Oct 2017 20:50:09 GMT" time="0.695" errors="0">
  <testcase name="ClaimCountByWebID" time="0.695" classname="com.asurion.CountComputationTest.ClaimsByIPAddress"/>
</testsuite> <!-- com.asurion.CountComputationTest.ClaimsByIPAddress -->
