<?xml version="1.0" encoding="UTF-8"?>
<!-- Generated by org.testng.reporters.JUnitReportReporter -->
<testsuite skipped="0" hostname="SYNLPT7L616H2" name="com.count.ClaimCountByWebID.ClaimCountByWebID_Rule_18" tests="1" failures="0" timestamp="14 Nov 2017 21:33:43 GMT" time="15.119" errors="0">
  <testcase name="ClaimCountByTransactionNumber_Rule_01" time="15.119" classname="com.count.ClaimCountByWebID.ClaimCountByWebID_Rule_18"/>
</testsuite> <!-- com.count.ClaimCountByWebID.ClaimCountByWebID_Rule_18 -->
