<?xml version="1.0" encoding="UTF-8"?>
<!-- Generated by org.testng.reporters.JUnitReportReporter -->
<testsuite skipped="0" hostname="SYNLPT7L616H2" name="com.asurion.CountComputationTest.CountOfAddressesByIPaddress" tests="1" failures="0" timestamp="25 Oct 2017 21:25:43 GMT" time="0.661" errors="0">
  <testcase name="CountOfAddressesByIPaddress" time="0.661" classname="com.asurion.CountComputationTest.CountOfAddressesByIPaddress"/>
</testsuite> <!-- com.asurion.CountComputationTest.CountOfAddressesByIPaddress -->
