<?xml version="1.0" encoding="UTF-8"?>
<!-- Generated by org.testng.reporters.JUnitReportReporter -->
<testsuite skipped="0" hostname="SYNLPT7L616H2" name="com.count.CourtesyRegistrationEmailCheckByClient.CourtesyRegistrationEmailCheckByClient_Rule_07" tests="1" failures="0" timestamp="15 Nov 2017 16:45:03 GMT" time="11.234" errors="0">
  <testcase name="CourtesyRegistrationEmailCheckByClient_Rule_01" time="11.234" classname="com.count.CourtesyRegistrationEmailCheckByClient.CourtesyRegistrationEmailCheckByClient_Rule_07"/>
</testsuite> <!-- com.count.CourtesyRegistrationEmailCheckByClient.CourtesyRegistrationEmailCheckByClient_Rule_07 -->
