<?xml version="1.0" encoding="UTF-8"?>
<!-- Generated by org.testng.reporters.JUnitReportReporter -->
<testsuite skipped="0" hostname="SYNLPT7L616H2" name="com.asurion.qa.TC_Print_Rule_ID_With_Description" tests="1" failures="0" timestamp="18 Aug 2017 16:38:22 GMT" time="2.642" errors="0">
  <testcase name="validate_RULE_Id_9" time="2.642" classname="com.asurion.qa.TC_Print_Rule_ID_With_Description"/>
</testsuite> <!-- com.asurion.qa.TC_Print_Rule_ID_With_Description -->
