<?xml version="1.0" encoding="UTF-8"?>
<!-- Generated by org.testng.reporters.JUnitReportReporter -->
<testsuite skipped="0" hostname="SYNLPT7L616H2" name="com.asurion.CountComputationTest.GeoIDByTransactionNumber" tests="1" failures="0" timestamp="26 Oct 2017 19:13:59 GMT" time="0.718" errors="0">
  <testcase name="GeoIDByTransactionNumber" time="0.718" classname="com.asurion.CountComputationTest.GeoIDByTransactionNumber"/>
</testsuite> <!-- com.asurion.CountComputationTest.GeoIDByTransactionNumber -->
