<?xml version="1.0" encoding="UTF-8"?>
<!-- Generated by org.testng.reporters.JUnitReportReporter -->
<testsuite skipped="0" hostname="SYNLPT7L616H2" name="com.asurion.script.FraudCheckAPI_Script_Rule_2" tests="1" failures="0" timestamp="01 Nov 2017 19:19:46 GMT" time="8.456" errors="0">
  <testcase name="FRAUD_CHECK_API_TEST_RULE2" time="8.456" classname="com.asurion.script.FraudCheckAPI_Script_Rule_2"/>
</testsuite> <!-- com.asurion.script.FraudCheckAPI_Script_Rule_2 -->
