<?xml version="1.0" encoding="UTF-8"?>
<!-- Generated by org.testng.reporters.JUnitReportReporter -->
<testsuite skipped="0" hostname="SYNLPT7L616H2" name="com.count.AddressToConsumerComparision.AddressToConsumerComparision_Rule_10" tests="1" failures="0" timestamp="07 Nov 2017 22:50:48 GMT" time="26.717" errors="0">
  <testcase name="AddressToConsumerComparision_Rule_10" time="26.717" classname="com.count.AddressToConsumerComparision.AddressToConsumerComparision_Rule_10"/>
</testsuite> <!-- com.count.AddressToConsumerComparision.AddressToConsumerComparision_Rule_10 -->
