<?xml version="1.0" encoding="UTF-8"?>
<!-- Generated by org.testng.reporters.JUnitReportReporter -->
<testsuite skipped="0" hostname="SYNLPT7L616H2" name="com.asurion.script.FRMDataPersistanceJunitTest" tests="1" failures="0" timestamp="27 Sep 2017 23:42:49 GMT" time="2.519" errors="0">
  <testcase name="ASURION_FRAUD_API" time="2.519" classname="com.asurion.script.FRMDataPersistanceJunitTest"/>
</testsuite> <!-- com.asurion.script.FRMDataPersistanceJunitTest -->
