<?xml version="1.0" encoding="UTF-8"?>
<!-- Generated by org.testng.reporters.JUnitReportReporter -->
<testsuite skipped="0" hostname="SYNLPT7L616H2" name="com.asurion.CountComputationTest.ANIByConsumer" tests="1" failures="0" timestamp="26 Oct 2017 19:26:09 GMT" time="0.530" errors="0">
  <testcase name="ANIByConsumer" time="0.530" classname="com.asurion.CountComputationTest.ANIByConsumer"/>
</testsuite> <!-- com.asurion.CountComputationTest.ANIByConsumer -->
