<?xml version="1.0" encoding="UTF-8"?>
<!-- Generated by org.testng.reporters.JUnitReportReporter -->
<testsuite skipped="0" hostname="SYNLPT7L616H2" name="com.count.EmailIDByTransactionNumber.EmailIDByTransactionNumber_Rule_01" tests="1" failures="0" timestamp="15 Nov 2017 20:18:33 GMT" time="12.104" errors="0">
  <testcase name="EmailIDByTransactionNumber_Rule_01" time="12.104" classname="com.count.EmailIDByTransactionNumber.EmailIDByTransactionNumber_Rule_01"/>
</testsuite> <!-- com.count.EmailIDByTransactionNumber.EmailIDByTransactionNumber_Rule_01 -->
