<?xml version="1.0" encoding="UTF-8"?>
<!-- Generated by org.testng.reporters.JUnitReportReporter -->
<testsuite skipped="0" hostname="SYNLPT7L616H2" name="com.count.AddressMatch.AddressMatch_Rule_20" tests="1" failures="0" timestamp="03 Nov 2017 21:10:03 GMT" time="19.551" errors="0">
  <testcase name="AddressMatch_Rule_19" time="19.551" classname="com.count.AddressMatch.AddressMatch_Rule_20"/>
</testsuite> <!-- com.count.AddressMatch.AddressMatch_Rule_20 -->
