<?xml version="1.0" encoding="UTF-8"?>
<!-- Generated by org.testng.reporters.JUnitReportReporter -->
<testsuite skipped="0" hostname="SYNLPT7L616H2" name="com.count.AddressMatch.AddressMatch_Rule_6" tests="1" failures="0" timestamp="02 Nov 2017 14:36:26 GMT" time="11.818" errors="0">
  <testcase name="AddressMatch_Rule_6" time="11.818" classname="com.count.AddressMatch.AddressMatch_Rule_6"/>
</testsuite> <!-- com.count.AddressMatch.AddressMatch_Rule_6 -->
