<?xml version="1.0" encoding="UTF-8"?>
<!-- Generated by org.testng.reporters.JUnitReportReporter -->
<testsuite skipped="0" hostname="SYNLPT7L616H2" name="com.count.ClaimCountByFulfillmentTransactionID.ClaimCountByFulfillmentTransactionID_Rule_1" tests="1" failures="0" timestamp="14 Nov 2017 19:33:19 GMT" time="11.566" errors="0">
  <testcase name="ClaimCountByFulfillmentTransactionID_Rule_1" time="11.566" classname="com.count.ClaimCountByFulfillmentTransactionID.ClaimCountByFulfillmentTransactionID_Rule_1"/>
</testsuite> <!-- com.count.ClaimCountByFulfillmentTransactionID.ClaimCountByFulfillmentTransactionID_Rule_1 -->
