<?xml version="1.0" encoding="UTF-8"?>
<!-- Generated by org.testng.reporters.JUnitReportReporter -->
<testsuite skipped="0" hostname="SYNLPT7L616H2" name="com.asurion.CountComputationTest.AddressToPrimaryPhoneComparison" tests="1" failures="0" timestamp="25 Oct 2017 19:42:57 GMT" time="0.781" errors="0">
  <testcase name="AddressToPrimaryPhoneComparison" time="0.781" classname="com.asurion.CountComputationTest.AddressToPrimaryPhoneComparison"/>
</testsuite> <!-- com.asurion.CountComputationTest.AddressToPrimaryPhoneComparison -->
