<?xml version="1.0" encoding="UTF-8"?>
<!-- Generated by org.testng.reporters.JUnitReportReporter -->
<testsuite skipped="0" hostname="SYNLPT7L616H2" name="com.asurion.qa.TC_Validate_Rule_ID_7" tests="1" failures="0" timestamp="25 Aug 2017 18:57:47 GMT" time="2.745" errors="0">
  <testcase name="ASURION_RuleID_7_Paramater" time="2.745" classname="com.asurion.qa.TC_Validate_Rule_ID_7"/>
</testsuite> <!-- com.asurion.qa.TC_Validate_Rule_ID_7 -->
