<?xml version="1.0" encoding="UTF-8"?>
<!-- Generated by org.testng.reporters.JUnitReportReporter -->
<testsuite skipped="0" hostname="SYNLPT7L616H2" name="com.count.ANIByConsumer.ANIByConsumer_Rule_01" tests="1" failures="0" timestamp="15 Nov 2017 19:23:19 GMT" time="13.095" errors="0">
  <testcase name="ANIByConsumer_Rule_01" time="13.095" classname="com.count.ANIByConsumer.ANIByConsumer_Rule_01"/>
</testsuite> <!-- com.count.ANIByConsumer.ANIByConsumer_Rule_01 -->
