<?xml version="1.0" encoding="UTF-8"?>
<!-- Generated by org.testng.reporters.JUnitReportReporter -->
<testsuite skipped="0" hostname="SYNLPT7L616H2" name="com.asurion.qa.InternalFraudCheckAPITestShasank" tests="1" failures="0" timestamp="27 Sep 2017 15:19:28 GMT" time="4.500" errors="0">
  <testcase name="ASURION_FRM_Shasank" time="4.500" classname="com.asurion.qa.InternalFraudCheckAPITestShasank"/>
</testsuite> <!-- com.asurion.qa.InternalFraudCheckAPITestShasank -->
