<?xml version="1.0" encoding="UTF-8"?>
<!-- Generated by org.testng.reporters.JUnitReportReporter -->
<testsuite skipped="0" hostname="SYNLPT7L616H2" name="com.asurion.qa.TC_Validate_Rule_ID_With_Parameter" tests="1" failures="0" timestamp="24 Aug 2017 19:47:32 GMT" time="0.091" errors="0">
  <testcase name="ASURION_RuleID_1_Paramater" time="0.091" classname="com.asurion.qa.TC_Validate_Rule_ID_With_Parameter"/>
</testsuite> <!-- com.asurion.qa.TC_Validate_Rule_ID_With_Parameter -->
