<?xml version="1.0" encoding="UTF-8"?>
<!-- Generated by org.testng.reporters.JUnitReportReporter -->
<testsuite skipped="0" hostname="SYNLPT7L616H2" name="com.count.AddressToConsumerComparision.AddressToConsumerComparision_Rule_6" tests="1" failures="0" timestamp="01 Nov 2017 21:05:57 GMT" time="9.828" errors="0">
  <testcase name="AddressToConsumerComparision_Rule_6" time="9.828" classname="com.count.AddressToConsumerComparision.AddressToConsumerComparision_Rule_6"/>
</testsuite> <!-- com.count.AddressToConsumerComparision.AddressToConsumerComparision_Rule_6 -->
