<?xml version="1.0" encoding="UTF-8"?>
<!-- Generated by org.testng.reporters.JUnitReportReporter -->
<testsuite skipped="0" hostname="SYNLPT7L616H2" name="com.asurion.junit.info.FRM_API_BDD_TEST" tests="1" failures="0" timestamp="20 Sep 2017 22:45:07 GMT" time="2.150" errors="0">
  <testcase name="ASURION_FRM" time="2.150" classname="com.asurion.junit.info.FRM_API_BDD_TEST"/>
</testsuite> <!-- com.asurion.junit.info.FRM_API_BDD_TEST -->
