<?xml version="1.0" encoding="UTF-8"?>
<!-- Generated by org.testng.reporters.JUnitReportReporter -->
<testsuite skipped="0" hostname="SYNLPT7L616H2" name="com.asurion.junit.info.FRM_API_TEST" tests="1" failures="0" timestamp="21 Sep 2017 14:23:21 GMT" time="2.531" errors="0">
  <testcase name="ASURION_FRM" time="2.531" classname="com.asurion.junit.info.FRM_API_TEST"/>
</testsuite> <!-- com.asurion.junit.info.FRM_API_TEST -->
