<?xml version="1.0" encoding="UTF-8"?>
<!-- Generated by org.testng.reporters.JUnitReportReporter -->
<testsuite skipped="0" hostname="SYNLPT7L616H2" name="com.asurion.junit.info.FRM_Negative_Address_Test" tests="1" failures="0" timestamp="21 Sep 2017 14:25:03 GMT" time="2.721" errors="0">
  <testcase name="ASURION_FRM_AddressNegative_List_Test" time="2.721" classname="com.asurion.junit.info.FRM_Negative_Address_Test"/>
</testsuite> <!-- com.asurion.junit.info.FRM_Negative_Address_Test -->
